./prepdata33/chunk3.txt started
json Generated
waiting 40 secs
rephrasing done
json Generated
waiting 40 secs
waiting 40 secs
rephrasing done
json Generated
waiting 40 secs
waiting 40 secs
waiting 40 secs
rephrasing done
json Generated
rephrasing done
json Generated
waiting 40 secs
rephrasing done
json Generated
waiting 40 secs
rephrasing done
json Generated
rephrasing done
json Generated
rephrasing done
json Generated
rephrasing done
json Generated
waiting 40 secs
rephrasing done
./prepdata33/chunk3.txt processed
completed: 52:27.543 (m:ss.mmm)
./prepdata33/chunk4.txt started
json Generated
waiting 40 secs
waiting 40 secs
waiting 40 secs
waiting 40 secs
waiting 40 secs
rephrasing done
json Generated
rephrasing done
json Generated
waiting 40 secs
waiting 40 secs
waiting 40 secs
waiting 40 secs
rephrasing done
json Generated
waiting 40 secs
waiting 40 secs
waiting 40 secs
waiting 40 secs
waiting 40 secs
waiting 40 secs
waiting 40 secs
rephrasing done
json Generated
waiting 40 secs
rephrasing done
json Generated
waiting 40 secs
waiting 40 secs
waiting 40 secs
rephrasing done
json Generated
waiting 40 secs
waiting 40 secs
rephrasing done
json Generated
waiting 40 secs
waiting 40 secs
waiting 40 secs
waiting 40 secs
rephrasing done
json Generated
waiting 40 secs
waiting 40 secs
waiting 40 secs
waiting 40 secs
waiting 40 secs
waiting 40 secs
waiting 40 secs
waiting 40 secs
rephrasing done
json Generated
waiting 40 secs
rephrasing done
./prepdata33/chunk4.txt processed
completed: 1:32:17.897 (h:mm:ss.mmm)
./prepdata33/chunk5.txt started
json Generated
waiting 40 secs
waiting 40 secs
rephrasing done
json Generated
rephrasing done
json Generated
waiting 40 secs
waiting 40 secs
waiting 40 secs
waiting 40 secs
rephrasing done
json Generated
waiting 40 secs
waiting 40 secs
rephrasing done
json Generated
waiting 40 secs
waiting 40 secs
rephrasing done
json Generated
waiting 40 secs
waiting 40 secs
rephrasing done
json Generated
rephrasing done
json Generated
waiting 40 secs
waiting 40 secs
rephrasing done
json Generated
rephrasing done
json Generated
waiting 40 secs
rephrasing done
./prepdata33/chunk5.txt processed
completed: 1:03:09.645 (h:mm:ss.mmm)
./prepdata33/chunk6.txt started
json Generated
waiting 40 secs
rephrasing done
json Generated
rephrasing done
json Generated
waiting 40 secs
waiting 40 secs
rephrasing done
json Generated
waiting 40 secs
waiting 40 secs
rephrasing done
json Generated
waiting 40 secs
./prepdata33/chunk6.txt started
json Generated
waiting 40 secs
rephrasing done
json Generated
waiting 40 secs
rephrasing done
json Generated
waiting 40 secs
waiting 40 secs
waiting 40 secs
waiting 40 secs
rephrasing done
json Generated
rephrasing done
json Generated
waiting 40 secs
waiting 40 secs
rephrasing done
json Generated
waiting 40 secs
rephrasing done
json Generated
waiting 40 secs
waiting 40 secs
rephrasing done
json Generated
waiting 40 secs
waiting 40 secs
waiting 40 secs
waiting 40 secs
rephrasing done
json Generated
waiting 40 secs
waiting 40 secs
rephrasing done
json Generated
waiting 40 secs
waiting 40 secs
waiting 40 secs
waiting 40 secs
rephrasing done
./prepdata33/chunk6.txt processed
completed: 1:35:37.444 (h:mm:ss.mmm)
./prepdata33/chunk7.txt started
json Generated
waiting 40 secs
rephrasing done
json Generated
waiting 40 secs
rephrasing done
json Generated
waiting 40 secs
rephrasing done
json Generated
waiting 40 secs
rephrasing done
json Generated
waiting 40 secs
waiting 40 secs
waiting 40 secs
waiting 40 secs
waiting 40 secs
waiting 40 secs
waiting 40 secs
waiting 40 secs
rephrasing done
json Generated
rephrasing done
json Generated
waiting 40 secs
rephrasing done
json Generated
waiting 40 secs
waiting 40 secs
rephrasing done
json Generated
waiting 40 secs
rephrasing done
json Generated
waiting 40 secs
rephrasing done
./prepdata33/chunk7.txt processed
completed: 1:11:13.261 (h:mm:ss.mmm)
./prepdata33/chunk8.txt started
json Generated
waiting 40 secs
rephrasing done
json Generated
rephrasing done
json Generated
rephrasing done
json Generated
rephrasing done
json Generated
rephrasing done
json Generated
waiting 40 secs
waiting 40 secs
rephrasing done
json Generated
rephrasing done
json Generated
waiting 40 secs
waiting 40 secs
rephrasing done
json Generated
waiting 40 secs
rephrasing done
json Generated
waiting 40 secs
rephrasing done
./prepdata33/chunk8.txt processed
completed: 58:23.065 (m:ss.mmm)
./prepdata33/chunk9.txt started
json Generated
waiting 40 secs
waiting 40 secs
rephrasing done
json Generated
rephrasing done
json Generated
waiting 40 secs
rephrasing done
json Generated
rephrasing done
json Generated
waiting 40 secs
waiting 40 secs
waiting 40 secs
rephrasing done
json Generated
waiting 40 secs
waiting 40 secs
rephrasing done
json Generated
waiting 40 secs
waiting 40 secs
waiting 40 secs
rephrasing done
json Generated
waiting 40 secs
rephrasing done
json Generated
rephrasing done
json Generated
waiting 40 secs
rephrasing done
./prepdata33/chunk9.txt processed
completed: 1:22:45.235 (h:mm:ss.mmm)
./prepdata33/chunk10.txt started
json Generated
rephrasing done
json Generated
waiting 40 secs
rephrasing done
json Generated
waiting 40 secs
rephrasing done
json Generated
waiting 40 secs
rephrasing done
json Generated
rephrasing done
json Generated
waiting 40 secs
waiting 40 secs
rephrasing done
json Generated
rephrasing done
json Generated
waiting 40 secs
rephrasing done
json Generated
waiting 40 secs
rephrasing done
json Generated
waiting 40 secs
rephrasing done
./prepdata33/chunk10.txt processed
completed: 1:00:19.501 (h:mm:ss.mmm)
./prepdata33/chunk11.txt started
json Generated
waiting 40 secs
waiting 40 secs
rephrasing done
json Generated
rephrasing done
json Generated
waiting 40 secs
waiting 40 secs
waiting 40 secs
rephrasing done
json Generated
waiting 40 secs
rephrasing done
json Generated
waiting 40 secs
rephrasing done
json Generated
waiting 40 secs
waiting 40 secs
waiting 40 secs
rephrasing done
json Generated
waiting 40 secs
rephrasing done
json Generated
rephrasing done
json Generated
waiting 40 secs
rephrasing done
json Generated
waiting 40 secs
waiting 40 secs
waiting 40 secs
rephrasing done
./prepdata33/chunk11.txt processed
completed: 1:21:37.295 (h:mm:ss.mmm)
./prepdata33/chunk12.txt started
json Generated
rephrasing done
json Generated
waiting 40 secs
rephrasing done
json Generated
rephrasing done
json Generated
rephrasing done
json Generated
rephrasing done
json Generated
waiting 40 secs
rephrasing done
json Generated
waiting 40 secs
rephrasing done
json Generated
rephrasing done
json Generated
waiting 40 secs
rephrasing done
json Generated
rephrasing done
./prepdata33/chunk12.txt processed
completed: 1:05:50.263 (h:mm:ss.mmm)
./prepdata33/chunk13.txt started
json Generated
rephrasing done
json Generated
rephrasing done
json Generated
waiting 40 secs
waiting 40 secs
waiting 40 secs
rephrasing done
json Generated
rephrasing done
json Generated
waiting 40 secs
rephrasing done
json Generated
rephrasing done
json Generated
waiting 40 secs
waiting 40 secs
waiting 40 secs
rephrasing done
json Generated
